<?xml version="1.0" encoding="UTF-8"?>
<!-- Generated by org.testng.reporters.JUnitReportReporter -->
<testsuite hostname="LAPTOP-DMSDVUIP" failures="0" tests="1" name="TestPOM.ForgtPswdTest" time="33.054" errors="0" timestamp="2023-01-25T15:07:59 IST" skipped="0">
  <testcase classname="TestPOM.ForgtPswdTest" name="run" time="33.054"/>
  <system-out/>
</testsuite> <!-- TestPOM.ForgtPswdTest -->
