<?xml version="1.0" encoding="UTF-8"?>
<!-- Generated by org.testng.reporters.JUnitReportReporter -->
<testsuite hostname="LAPTOP-DMSDVUIP" failures="0" tests="1" name="Testngpkg.Emailcode" time="9.870" errors="0" timestamp="2023-01-19T10:51:22 IST" skipped="0">
  <testcase classname="Testngpkg.Emailcode" name="test1" time="9.870"/>
  <system-out/>
</testsuite> <!-- Testngpkg.Emailcode -->
