<?xml version="1.0" encoding="UTF-8"?>
<!-- Generated by org.testng.reporters.JUnitReportReporter -->
<testsuite hostname="LAPTOP-DMSDVUIP" failures="0" tests="1" name="Testngpkg.Redifftestng" time="3.501" errors="0" timestamp="2023-01-19T12:13:31 IST" skipped="0">
  <testcase classname="Testngpkg.Redifftestng" name="test1" time="3.501"/>
  <system-out/>
</testsuite> <!-- Testngpkg.Redifftestng -->
