<?xml version="1.0" encoding="UTF-8"?>
<!-- Generated by org.testng.reporters.JUnitReportReporter -->
<testsuite hostname="LAPTOP-DMSDVUIP" failures="0" tests="1" name="Testngpkg.dragdrop" time="3.981" errors="0" timestamp="2023-01-19T11:08:40 IST" skipped="0">
  <testcase classname="Testngpkg.dragdrop" name="test1" time="3.981"/>
  <system-out/>
</testsuite> <!-- Testngpkg.dragdrop -->
