<?xml version="1.0" encoding="UTF-8"?>
<!-- Generated by org.testng.reporters.JUnitReportReporter -->
<testsuite hostname="LAPTOP-DMSDVUIP" failures="0" tests="1" name="Testngpkg.Gurudemo" time="2.302" errors="0" timestamp="2023-01-18T15:10:30 IST" skipped="0">
  <testcase classname="Testngpkg.Gurudemo" name="test1" time="2.302"/>
  <system-out/>
</testsuite> <!-- Testngpkg.Gurudemo -->
