<?xml version="1.0" encoding="UTF-8"?>
<!-- Generated by org.testng.reporters.JUnitReportReporter -->
<testsuite hostname="LAPTOP-DMSDVUIP" failures="0" tests="1" name="TestPOM.FbLoginTest" time="20.506" errors="0" timestamp="2023-01-25T15:07:59 IST" skipped="0">
  <testcase classname="TestPOM.FbLoginTest" name="run" time="20.506"/>
  <system-out/>
</testsuite> <!-- TestPOM.FbLoginTest -->
