<?xml version="1.0" encoding="UTF-8"?>
<!-- Generated by org.testng.reporters.JUnitReportReporter -->
<testsuite hostname="LAPTOP-DMSDVUIP" failures="0" tests="1" name="Testngpkg.Ebaycode" time="10.559" errors="0" timestamp="2023-01-18T15:20:20 IST" skipped="0">
  <testcase classname="Testngpkg.Ebaycode" name="test1" time="10.559"/>
  <system-out/>
</testsuite> <!-- Testngpkg.Ebaycode -->
