<?xml version="1.0" encoding="UTF-8"?>
<!-- Generated by org.testng.reporters.JUnitReportReporter -->
<testsuite hostname="LAPTOP-DMSDVUIP" failures="0" tests="1" name="TestPOM.NykaaLoginTest" time="70.898" errors="0" timestamp="2023-01-28T19:39:44 IST" skipped="0">
  <testcase classname="TestPOM.NykaaLoginTest" name="test1" time="70.898"/>
  <system-out/>
</testsuite> <!-- TestPOM.NykaaLoginTest -->
