<?xml version="1.0" encoding="UTF-8"?>
<!-- Generated by org.testng.reporters.JUnitReportReporter -->
<testsuite hostname="LAPTOP-DMSDVUIP" failures="0" tests="1" name="Testngpkg.Actionscode" time="4.768" errors="0" timestamp="2023-01-17T14:33:04 IST" skipped="0">
  <testcase classname="Testngpkg.Actionscode" name="test1" time="4.768"/>
  <system-out/>
</testsuite> <!-- Testngpkg.Actionscode -->
