<?xml version="1.0" encoding="UTF-8"?>
<!-- Generated by org.testng.reporters.JUnitReportReporter -->
<testsuite hostname="LAPTOP-DMSDVUIP" failures="0" tests="1" name="Testngpkg.Datadrivencode" time="42.303" errors="0" timestamp="2023-01-19T14:47:14 IST" skipped="0">
  <testcase classname="Testngpkg.Datadrivencode" name="test1" time="42.303"/>
  <system-out/>
</testsuite> <!-- Testngpkg.Datadrivencode -->
