<?xml version="1.0" encoding="UTF-8"?>
<!-- Generated by org.testng.reporters.JUnitReportReporter -->
<testsuite hostname="LAPTOP-DMSDVUIP" failures="0" tests="1" name="Testngpkg.Testngpara" time="9.382" errors="0" timestamp="2023-01-16T12:48:24 IST" skipped="0">
  <testcase classname="Testngpkg.Testngpara" name="test1" time="9.382"/>
  <system-out/>
</testsuite> <!-- Testngpkg.Testngpara -->
