<?xml version="1.0" encoding="UTF-8"?>
<!-- Generated by org.testng.reporters.JUnitReportReporter -->
<testsuite hostname="LAPTOP-DMSDVUIP" failures="0" tests="1" name="Testngpkg.Robotfileupload" time="19.699" errors="0" timestamp="2023-01-23T14:15:28 IST" skipped="0">
  <testcase classname="Testngpkg.Robotfileupload" name="url" time="19.699"/>
  <system-out/>
</testsuite> <!-- Testngpkg.Robotfileupload -->
